Using pre-set license
Built from '2020.3/release' branch; Version is '2020.3.12f1 (b3b2c6512326) revision 11776710'; Using compiler version '192528614'; Build Type 'Release'
OS: 'Windows 10 Pro; OS build 19042.1110; Version 2009; 64bit' Language: 'es' Physical Memory: 16245 MB
BatchMode: 1, IsHumanControllingUs: 0, StartBugReporterOnCrash: 0, Is64bit: 1, IsPro: 0

 COMMAND LINE ARGUMENTS:
C:\Program Files\Unity\Hub\Editor\2020.3.12f1\Editor\Unity.exe
-adb2
-batchMode
-noUpm
-name
AssetImportWorker0
-projectPath
E:/Proyectos/Asteroids
-logFile
Logs/AssetImportWorker0.log
-srvPort
53965
Successfully changed project path to: E:/Proyectos/Asteroids
E:/Proyectos/Asteroids
Using Asset Import Pipeline V2.
Refreshing native plugins compatible for Editor in 19.31 ms, found 0 plugins.
Preloading 0 native plugins for Editor in 0.00 ms.
Initialize engine version: 2020.3.12f1 (b3b2c6512326)
[Subsystems] Discovering subsystems at path C:/Program Files/Unity/Hub/Editor/2020.3.12f1/Editor/Data/Resources/UnitySubsystems
[Subsystems] Discovering subsystems at path E:/Proyectos/Asteroids/Assets
GfxDevice: creating device client; threaded=0
Direct3D:
    Version:  Direct3D 11.0 [level 11.1]
    Renderer: NVIDIA GeForce GTX 980 (ID=0x13c0)
    Vendor:   
    VRAM:     4053 MB
    Driver:   30.0.14.7141
Initialize mono
Mono path[0] = 'C:/Program Files/Unity/Hub/Editor/2020.3.12f1/Editor/Data/Managed'
Mono path[1] = 'C:/Program Files/Unity/Hub/Editor/2020.3.12f1/Editor/Data/MonoBleedingEdge/lib/mono/unityjit'
Mono config path = 'C:/Program Files/Unity/Hub/Editor/2020.3.12f1/Editor/Data/MonoBleedingEdge/etc'
Using monoOptions --debugger-agent=transport=dt_socket,embedding=1,server=y,suspend=n,address=127.0.0.1:56292
Begin MonoManager ReloadAssembly
Registering precompiled unity dll's ...
Register platform support module: C:/Program Files/Unity/Hub/Editor/2020.3.12f1/Editor/Data/PlaybackEngines/WebGLSupport/UnityEditor.WebGL.Extensions.dll
Register platform support module: C:/Program Files/Unity/Hub/Editor/2020.3.12f1/Editor/Data/PlaybackEngines/WindowsStandaloneSupport/UnityEditor.WindowsStandalone.Extensions.dll
Register platform support module: C:/Program Files/Unity/Hub/Editor/2020.3.12f1/Editor/Data/PlaybackEngines/LinuxStandaloneSupport/UnityEditor.LinuxStandalone.Extensions.dll
Registered in 0.003962 seconds.
Native extension for LinuxStandalone target not found
Native extension for WindowsStandalone target not found
Native extension for WebGL target not found
Refreshing native plugins compatible for Editor in 16.64 ms, found 0 plugins.
Preloading 0 native plugins for Editor in 0.00 ms.
Mono: successfully reloaded assembly
- Completed reload, in  2.344 seconds
Platform modules already initialized, skipping
Registering precompiled user dll's ...
Registered in 0.000393 seconds.
Begin MonoManager ReloadAssembly
Native extension for LinuxStandalone target not found
Native extension for WindowsStandalone target not found
Native extension for WebGL target not found
Refreshing native plugins compatible for Editor in 0.16 ms, found 0 plugins.
Preloading 0 native plugins for Editor in 0.00 ms.
Mono: successfully reloaded assembly
- Completed reload, in  0.876 seconds
Platform modules already initialized, skipping
========================================================================
Worker process is ready to serve import requests
Launched and connected shader compiler UnityShaderCompiler.exe after 0.04 seconds
Refreshing native plugins compatible for Editor in 0.16 ms, found 0 plugins.
Preloading 0 native plugins for Editor in 0.00 ms.
Unloading 731 Unused Serialized files (Serialized files now loaded: 0)
System memory in use before: 48.0 MB.
System memory in use after: 48.0 MB.

Unloading 8 unused Assets to reduce memory usage. Loaded Objects now: 1171.
Total: 1.458200 ms (FindLiveObjects: 0.097300 ms CreateObjectMapping: 0.029100 ms MarkObjects: 1.276700 ms  DeleteObjects: 0.054100 ms)

AssetImportParameters requested are different than current active one (requested -> active):
  custom:framework-win-MediaFoundation: 216162199b28c13a410421893ffa2e32 -> 
  custom:video-decoder-ogg-theora: a1e56fd34408186e4bbccfd4996cb3dc -> 
  custom:container-muxer-webm: aa71ff27fc2769a1b78a27578f13a17b -> 
  custom:container-demuxer-webm: 4f35f7cbe854078d1ac9338744f61a02 -> 
  custom:container-demuxer-ogg: 62fdf1f143b41e24485cea50d1cbac27 -> 
  custom:video-encoder-webm-vp8: eb34c28f22e8b96e1ab97ce403110664 -> 
  custom:video-decoder-webm-vp8: 9c59270c3fd7afecdb556c50c9e8de78 -> 
  custom:audio-decoder-ogg-vorbis: bf7c407c2cedff20999df2af8eb42d56 -> 
  custom:audio-encoder-webm-vorbis: bf7c407c2cedff20999df2af8eb42d56 -> 
========================================================================
Received Import Request.
  path: Assets/Scenes/Game.unity
  artifactKey: Guid(2cda990e2423bbf4892e6590ba056729) Importer(815301076,1909f56bfc062723c751e8b465ee728b)
Start importing Assets/Scenes/Game.unity using Guid(2cda990e2423bbf4892e6590ba056729) Importer(815301076,1909f56bfc062723c751e8b465ee728b)  -> (artifact id: '1c211a1b5c3a41bbdfb7335b770f40b2') in 0.015774 seconds 
  Import took 0.016970 seconds .

========================================================================
Received Import Request.
  Time since last request: 39.190485 seconds.
  path: Assets/Scripts/Asteroid.cs
  artifactKey: Guid(3231e7659757f0e409589de7d17b81ab) Importer(815301076,1909f56bfc062723c751e8b465ee728b)
Start importing Assets/Scripts/Asteroid.cs using Guid(3231e7659757f0e409589de7d17b81ab) Importer(815301076,1909f56bfc062723c751e8b465ee728b)  -> (artifact id: '775ea3859c8d09ce047238c9fc60ab11') in 0.027274 seconds 
  Import took 0.028548 seconds .

========================================================================
Received Import Request.
  Time since last request: 0.011263 seconds.
  path: Assets/Scripts/Asteroid.cs
  artifactKey: Guid(3231e7659757f0e409589de7d17b81ab) Importer(815301076,1909f56bfc062723c751e8b465ee728b)
Start importing Assets/Scripts/Asteroid.cs using Guid(3231e7659757f0e409589de7d17b81ab) Importer(815301076,1909f56bfc062723c751e8b465ee728b)  -> (artifact id: '775ea3859c8d09ce047238c9fc60ab11') in 0.001981 seconds 
  Import took 0.003538 seconds .

========================================================================
Received Import Request.
  Time since last request: 26.280657 seconds.
  path: Assets/Scripts/Scriptable/IntVariable.cs
  artifactKey: Guid(941f762a8cad4424496f51f40929a3c0) Importer(815301076,1909f56bfc062723c751e8b465ee728b)
Start importing Assets/Scripts/Scriptable/IntVariable.cs using Guid(941f762a8cad4424496f51f40929a3c0) Importer(815301076,1909f56bfc062723c751e8b465ee728b)  -> (artifact id: '639aeeb8fca6f1e63bc0487420c6d82e') in 0.022953 seconds 
  Import took 0.040436 seconds .

========================================================================
Received Prepare
Registering precompiled user dll's ...
Registered in 0.000652 seconds.
Begin MonoManager ReloadAssembly
Native extension for LinuxStandalone target not found
Native extension for WindowsStandalone target not found
Native extension for WebGL target not found
Refreshing native plugins compatible for Editor in 0.21 ms, found 0 plugins.
Preloading 0 native plugins for Editor in 0.00 ms.
Mono: successfully reloaded assembly
- Completed reload, in  0.804 seconds
Platform modules already initialized, skipping
Refreshing native plugins compatible for Editor in 0.15 ms, found 0 plugins.
Preloading 0 native plugins for Editor in 0.00 ms.
Unloading 712 Unused Serialized files (Serialized files now loaded: 0)
System memory in use before: 46.5 MB.
System memory in use after: 46.6 MB.

Unloading 4 unused Assets to reduce memory usage. Loaded Objects now: 1174.
Total: 1.385400 ms (FindLiveObjects: 0.092400 ms CreateObjectMapping: 0.030200 ms MarkObjects: 1.247300 ms  DeleteObjects: 0.014800 ms)

AssetImportParameters requested are different than current active one (requested -> active):
  custom:framework-win-MediaFoundation: 216162199b28c13a410421893ffa2e32 -> 
  custom:video-decoder-ogg-theora: a1e56fd34408186e4bbccfd4996cb3dc -> 
  custom:container-muxer-webm: aa71ff27fc2769a1b78a27578f13a17b -> 
  custom:container-demuxer-webm: 4f35f7cbe854078d1ac9338744f61a02 -> 
  custom:container-demuxer-ogg: 62fdf1f143b41e24485cea50d1cbac27 -> 
  custom:video-encoder-webm-vp8: eb34c28f22e8b96e1ab97ce403110664 -> 
  custom:video-decoder-webm-vp8: 9c59270c3fd7afecdb556c50c9e8de78 -> 
  custom:audio-decoder-ogg-vorbis: bf7c407c2cedff20999df2af8eb42d56 -> 
  custom:audio-encoder-webm-vorbis: bf7c407c2cedff20999df2af8eb42d56 -> 
========================================================================
Received Import Request.
  Time since last request: 52.643638 seconds.
  path: Assets/Scripts/Laser.cs
  artifactKey: Guid(650afa402518ccf44b47a2cb76e431c1) Importer(815301076,1909f56bfc062723c751e8b465ee728b)
Start importing Assets/Scripts/Laser.cs using Guid(650afa402518ccf44b47a2cb76e431c1) Importer(815301076,1909f56bfc062723c751e8b465ee728b)  -> (artifact id: '207d90c2abc7e4bd95d33f9435117e1c') in 0.009920 seconds 
  Import took 0.011449 seconds .

========================================================================
Received Import Request.
  Time since last request: 0.000696 seconds.
  path: Assets/Scripts/Laser.cs
  artifactKey: Guid(650afa402518ccf44b47a2cb76e431c1) Importer(815301076,1909f56bfc062723c751e8b465ee728b)
Start importing Assets/Scripts/Laser.cs using Guid(650afa402518ccf44b47a2cb76e431c1) Importer(815301076,1909f56bfc062723c751e8b465ee728b)  -> (artifact id: '207d90c2abc7e4bd95d33f9435117e1c') in 0.001993 seconds 
  Import took 0.003385 seconds .

========================================================================
Received Prepare
Registering precompiled user dll's ...
Registered in 0.000383 seconds.
Begin MonoManager ReloadAssembly
Native extension for LinuxStandalone target not found
Native extension for WindowsStandalone target not found
Native extension for WebGL target not found
Refreshing native plugins compatible for Editor in 0.23 ms, found 0 plugins.
Preloading 0 native plugins for Editor in 0.00 ms.
Mono: successfully reloaded assembly
- Completed reload, in  0.941 seconds
Platform modules already initialized, skipping
Refreshing native plugins compatible for Editor in 0.17 ms, found 0 plugins.
Preloading 0 native plugins for Editor in 0.00 ms.
Unloading 712 Unused Serialized files (Serialized files now loaded: 0)
System memory in use before: 46.5 MB.
System memory in use after: 46.6 MB.

Unloading 4 unused Assets to reduce memory usage. Loaded Objects now: 1177.
Total: 1.451200 ms (FindLiveObjects: 0.098600 ms CreateObjectMapping: 0.033400 ms MarkObjects: 1.306200 ms  DeleteObjects: 0.012200 ms)

AssetImportParameters requested are different than current active one (requested -> active):
  custom:framework-win-MediaFoundation: 216162199b28c13a410421893ffa2e32 -> 
  custom:video-decoder-ogg-theora: a1e56fd34408186e4bbccfd4996cb3dc -> 
  custom:container-muxer-webm: aa71ff27fc2769a1b78a27578f13a17b -> 
  custom:container-demuxer-webm: 4f35f7cbe854078d1ac9338744f61a02 -> 
  custom:container-demuxer-ogg: 62fdf1f143b41e24485cea50d1cbac27 -> 
  custom:video-encoder-webm-vp8: eb34c28f22e8b96e1ab97ce403110664 -> 
  custom:video-decoder-webm-vp8: 9c59270c3fd7afecdb556c50c9e8de78 -> 
  custom:audio-decoder-ogg-vorbis: bf7c407c2cedff20999df2af8eb42d56 -> 
  custom:audio-encoder-webm-vorbis: bf7c407c2cedff20999df2af8eb42d56 -> 
========================================================================
Received Import Request.
  Time since last request: 150.715434 seconds.
  path: Assets/Scripts/LaserController.cs
  artifactKey: Guid(650afa402518ccf44b47a2cb76e431c1) Importer(815301076,1909f56bfc062723c751e8b465ee728b)
Start importing Assets/Scripts/LaserController.cs using Guid(650afa402518ccf44b47a2cb76e431c1) Importer(815301076,1909f56bfc062723c751e8b465ee728b)  -> (artifact id: '9006b7f42b1ba775e68d00952d7335bc') in 0.009395 seconds 
  Import took 0.010717 seconds .

========================================================================
Received Import Request.
  Time since last request: 101.089825 seconds.
  path: Assets/Data/lives.asset
  artifactKey: Guid(01474bdc687fa914499d6499e966379c) Importer(815301076,1909f56bfc062723c751e8b465ee728b)
Start importing Assets/Data/lives.asset using Guid(01474bdc687fa914499d6499e966379c) Importer(815301076,1909f56bfc062723c751e8b465ee728b)  -> (artifact id: '6fcd01b85fef440a91ddba4df7cb467c') in 0.017441 seconds 
  Import took 0.018757 seconds .

========================================================================
Received Import Request.
  Time since last request: 3.002149 seconds.
  path: Assets/Data/score.asset
  artifactKey: Guid(fcf5c8471091971468dd55f2abf222e1) Importer(815301076,1909f56bfc062723c751e8b465ee728b)
Start importing Assets/Data/score.asset using Guid(fcf5c8471091971468dd55f2abf222e1) Importer(815301076,1909f56bfc062723c751e8b465ee728b)  -> (artifact id: 'f151b6e8201c2e896c815208686ac39a') in 0.007711 seconds 
  Import took 0.009159 seconds .

========================================================================
Received Import Request.
  Time since last request: 0.000752 seconds.
  path: Assets/Data/score.asset
  artifactKey: Guid(fcf5c8471091971468dd55f2abf222e1) Importer(815301076,1909f56bfc062723c751e8b465ee728b)
Start importing Assets/Data/score.asset using Guid(fcf5c8471091971468dd55f2abf222e1) Importer(815301076,1909f56bfc062723c751e8b465ee728b)  -> (artifact id: 'f151b6e8201c2e896c815208686ac39a') in 0.001995 seconds 
  Import took 0.003295 seconds .

========================================================================
Received Prepare
Registering precompiled user dll's ...
Registered in 0.000478 seconds.
Begin MonoManager ReloadAssembly
Native extension for LinuxStandalone target not found
Native extension for WindowsStandalone target not found
Native extension for WebGL target not found
Refreshing native plugins compatible for Editor in 0.16 ms, found 0 plugins.
Preloading 0 native plugins for Editor in 0.00 ms.
Mono: successfully reloaded assembly
- Completed reload, in  0.786 seconds
Platform modules already initialized, skipping
Refreshing native plugins compatible for Editor in 0.23 ms, found 0 plugins.
Preloading 0 native plugins for Editor in 0.00 ms.
Unloading 712 Unused Serialized files (Serialized files now loaded: 0)
System memory in use before: 46.5 MB.
System memory in use after: 46.6 MB.

Unloading 4 unused Assets to reduce memory usage. Loaded Objects now: 1180.
Total: 1.441400 ms (FindLiveObjects: 0.108100 ms CreateObjectMapping: 0.035400 ms MarkObjects: 1.284600 ms  DeleteObjects: 0.012200 ms)

AssetImportParameters requested are different than current active one (requested -> active):
  custom:framework-win-MediaFoundation: 216162199b28c13a410421893ffa2e32 -> 
  custom:video-decoder-ogg-theora: a1e56fd34408186e4bbccfd4996cb3dc -> 
  custom:container-muxer-webm: aa71ff27fc2769a1b78a27578f13a17b -> 
  custom:container-demuxer-webm: 4f35f7cbe854078d1ac9338744f61a02 -> 
  custom:container-demuxer-ogg: 62fdf1f143b41e24485cea50d1cbac27 -> 
  custom:video-encoder-webm-vp8: eb34c28f22e8b96e1ab97ce403110664 -> 
  custom:video-decoder-webm-vp8: 9c59270c3fd7afecdb556c50c9e8de78 -> 
  custom:audio-decoder-ogg-vorbis: bf7c407c2cedff20999df2af8eb42d56 -> 
  custom:audio-encoder-webm-vorbis: bf7c407c2cedff20999df2af8eb42d56 -> 
========================================================================
Received Prepare
Registering precompiled user dll's ...
Registered in 0.000528 seconds.
Begin MonoManager ReloadAssembly
Native extension for LinuxStandalone target not found
Native extension for WindowsStandalone target not found
Native extension for WebGL target not found
Refreshing native plugins compatible for Editor in 0.15 ms, found 0 plugins.
Preloading 0 native plugins for Editor in 0.00 ms.
Mono: successfully reloaded assembly
- Completed reload, in  0.821 seconds
Platform modules already initialized, skipping
Refreshing native plugins compatible for Editor in 0.15 ms, found 0 plugins.
Preloading 0 native plugins for Editor in 0.00 ms.
Unloading 712 Unused Serialized files (Serialized files now loaded: 0)
System memory in use before: 46.6 MB.
System memory in use after: 46.6 MB.

Unloading 4 unused Assets to reduce memory usage. Loaded Objects now: 1183.
Total: 1.382300 ms (FindLiveObjects: 0.081100 ms CreateObjectMapping: 0.018100 ms MarkObjects: 1.264200 ms  DeleteObjects: 0.017700 ms)

AssetImportParameters requested are different than current active one (requested -> active):
  custom:framework-win-MediaFoundation: 216162199b28c13a410421893ffa2e32 -> 
  custom:video-decoder-ogg-theora: a1e56fd34408186e4bbccfd4996cb3dc -> 
  custom:container-muxer-webm: aa71ff27fc2769a1b78a27578f13a17b -> 
  custom:container-demuxer-webm: 4f35f7cbe854078d1ac9338744f61a02 -> 
  custom:container-demuxer-ogg: 62fdf1f143b41e24485cea50d1cbac27 -> 
  custom:video-encoder-webm-vp8: eb34c28f22e8b96e1ab97ce403110664 -> 
  custom:video-decoder-webm-vp8: 9c59270c3fd7afecdb556c50c9e8de78 -> 
  custom:audio-decoder-ogg-vorbis: bf7c407c2cedff20999df2af8eb42d56 -> 
  custom:audio-encoder-webm-vorbis: bf7c407c2cedff20999df2af8eb42d56 -> 
========================================================================
Received Import Request.
  Time since last request: 50.150734 seconds.
  path: Assets/Scripts/Scriptable/IntVariableEditor.cs
  artifactKey: Guid(3ac6f822b4e939a478d4b8d366957334) Importer(815301076,1909f56bfc062723c751e8b465ee728b)
Start importing Assets/Scripts/Scriptable/IntVariableEditor.cs using Guid(3ac6f822b4e939a478d4b8d366957334) Importer(815301076,1909f56bfc062723c751e8b465ee728b)  -> (artifact id: '152f1e68fc7d75b1668d332c1b97f3ef') in 0.008203 seconds 
  Import took 0.009853 seconds .

========================================================================
Received Import Request.
  Time since last request: 0.024562 seconds.
  path: Assets/Scripts/Scriptable/IntVariableEditor.cs
  artifactKey: Guid(3ac6f822b4e939a478d4b8d366957334) Importer(815301076,1909f56bfc062723c751e8b465ee728b)
Start importing Assets/Scripts/Scriptable/IntVariableEditor.cs using Guid(3ac6f822b4e939a478d4b8d366957334) Importer(815301076,1909f56bfc062723c751e8b465ee728b)  -> (artifact id: '152f1e68fc7d75b1668d332c1b97f3ef') in 0.002542 seconds 
  Import took 0.004373 seconds .

========================================================================
Received Import Request.
  Time since last request: 8.673949 seconds.
  path: Assets/Data
  artifactKey: Guid(a05a5de043aa9434e9412698f9167452) Importer(815301076,1909f56bfc062723c751e8b465ee728b)
Start importing Assets/Data using Guid(a05a5de043aa9434e9412698f9167452) Importer(815301076,1909f56bfc062723c751e8b465ee728b)  -> (artifact id: 'bc4029dcfa6448c86dcc814c4422d518') in 0.007775 seconds 
  Import took 0.009726 seconds .

========================================================================
Received Import Request.
  Time since last request: 0.001321 seconds.
  path: Assets/Data
  artifactKey: Guid(a05a5de043aa9434e9412698f9167452) Importer(815301076,1909f56bfc062723c751e8b465ee728b)
Start importing Assets/Data using Guid(a05a5de043aa9434e9412698f9167452) Importer(815301076,1909f56bfc062723c751e8b465ee728b)  -> (artifact id: 'bc4029dcfa6448c86dcc814c4422d518') in 0.002453 seconds 
  Import took 0.004257 seconds .

========================================================================
Received Prepare
Registering precompiled user dll's ...
Registered in 0.000402 seconds.
Begin MonoManager ReloadAssembly
Native extension for LinuxStandalone target not found
Native extension for WindowsStandalone target not found
Native extension for WebGL target not found
Refreshing native plugins compatible for Editor in 0.17 ms, found 0 plugins.
Preloading 0 native plugins for Editor in 0.00 ms.
Mono: successfully reloaded assembly
- Completed reload, in  0.784 seconds
Platform modules already initialized, skipping
Refreshing native plugins compatible for Editor in 0.16 ms, found 0 plugins.
Preloading 0 native plugins for Editor in 0.00 ms.
Unloading 712 Unused Serialized files (Serialized files now loaded: 0)
System memory in use before: 46.6 MB.
System memory in use after: 46.6 MB.

Unloading 4 unused Assets to reduce memory usage. Loaded Objects now: 1186.
Total: 1.217300 ms (FindLiveObjects: 0.074700 ms CreateObjectMapping: 0.018100 ms MarkObjects: 1.113000 ms  DeleteObjects: 0.010700 ms)

AssetImportParameters requested are different than current active one (requested -> active):
  custom:framework-win-MediaFoundation: 216162199b28c13a410421893ffa2e32 -> 
  custom:video-decoder-ogg-theora: a1e56fd34408186e4bbccfd4996cb3dc -> 
  custom:container-muxer-webm: aa71ff27fc2769a1b78a27578f13a17b -> 
  custom:container-demuxer-webm: 4f35f7cbe854078d1ac9338744f61a02 -> 
  custom:container-demuxer-ogg: 62fdf1f143b41e24485cea50d1cbac27 -> 
  custom:video-encoder-webm-vp8: eb34c28f22e8b96e1ab97ce403110664 -> 
  custom:video-decoder-webm-vp8: 9c59270c3fd7afecdb556c50c9e8de78 -> 
  custom:audio-decoder-ogg-vorbis: bf7c407c2cedff20999df2af8eb42d56 -> 
  custom:audio-encoder-webm-vorbis: bf7c407c2cedff20999df2af8eb42d56 -> 
========================================================================
Received Prepare
Registering precompiled user dll's ...
Registered in 0.000453 seconds.
Begin MonoManager ReloadAssembly
Native extension for LinuxStandalone target not found
Native extension for WindowsStandalone target not found
Native extension for WebGL target not found
Refreshing native plugins compatible for Editor in 0.16 ms, found 0 plugins.
Preloading 0 native plugins for Editor in 0.00 ms.
Mono: successfully reloaded assembly
- Completed reload, in  0.782 seconds
Platform modules already initialized, skipping
Refreshing native plugins compatible for Editor in 0.17 ms, found 0 plugins.
Preloading 0 native plugins for Editor in 0.00 ms.
Unloading 712 Unused Serialized files (Serialized files now loaded: 0)
System memory in use before: 46.6 MB.
System memory in use after: 46.6 MB.

Unloading 4 unused Assets to reduce memory usage. Loaded Objects now: 1189.
Total: 1.545600 ms (FindLiveObjects: 0.109100 ms CreateObjectMapping: 0.035000 ms MarkObjects: 1.388700 ms  DeleteObjects: 0.012100 ms)

AssetImportParameters requested are different than current active one (requested -> active):
  custom:framework-win-MediaFoundation: 216162199b28c13a410421893ffa2e32 -> 
  custom:video-decoder-ogg-theora: a1e56fd34408186e4bbccfd4996cb3dc -> 
  custom:container-muxer-webm: aa71ff27fc2769a1b78a27578f13a17b -> 
  custom:container-demuxer-webm: 4f35f7cbe854078d1ac9338744f61a02 -> 
  custom:container-demuxer-ogg: 62fdf1f143b41e24485cea50d1cbac27 -> 
  custom:video-encoder-webm-vp8: eb34c28f22e8b96e1ab97ce403110664 -> 
  custom:video-decoder-webm-vp8: 9c59270c3fd7afecdb556c50c9e8de78 -> 
  custom:audio-decoder-ogg-vorbis: bf7c407c2cedff20999df2af8eb42d56 -> 
  custom:audio-encoder-webm-vorbis: bf7c407c2cedff20999df2af8eb42d56 -> 
========================================================================
Received Prepare
Registering precompiled user dll's ...
Registered in 0.000624 seconds.
Begin MonoManager ReloadAssembly
Native extension for LinuxStandalone target not found
Native extension for WindowsStandalone target not found
Native extension for WebGL target not found
Refreshing native plugins compatible for Editor in 0.28 ms, found 0 plugins.
Preloading 0 native plugins for Editor in 0.00 ms.
Mono: successfully reloaded assembly
- Completed reload, in  0.790 seconds
Platform modules already initialized, skipping
Refreshing native plugins compatible for Editor in 0.15 ms, found 0 plugins.
Preloading 0 native plugins for Editor in 0.00 ms.
Unloading 712 Unused Serialized files (Serialized files now loaded: 0)
System memory in use before: 46.6 MB.
System memory in use after: 46.6 MB.

Unloading 4 unused Assets to reduce memory usage. Loaded Objects now: 1192.
Total: 1.520600 ms (FindLiveObjects: 0.117200 ms CreateObjectMapping: 0.049300 ms MarkObjects: 1.340600 ms  DeleteObjects: 0.012500 ms)

AssetImportParameters requested are different than current active one (requested -> active):
  custom:framework-win-MediaFoundation: 216162199b28c13a410421893ffa2e32 -> 
  custom:video-decoder-ogg-theora: a1e56fd34408186e4bbccfd4996cb3dc -> 
  custom:container-muxer-webm: aa71ff27fc2769a1b78a27578f13a17b -> 
  custom:container-demuxer-webm: 4f35f7cbe854078d1ac9338744f61a02 -> 
  custom:container-demuxer-ogg: 62fdf1f143b41e24485cea50d1cbac27 -> 
  custom:video-encoder-webm-vp8: eb34c28f22e8b96e1ab97ce403110664 -> 
  custom:video-decoder-webm-vp8: 9c59270c3fd7afecdb556c50c9e8de78 -> 
  custom:audio-decoder-ogg-vorbis: bf7c407c2cedff20999df2af8eb42d56 -> 
  custom:audio-encoder-webm-vorbis: bf7c407c2cedff20999df2af8eb42d56 -> 
========================================================================
Received Import Request.
  Time since last request: 692.580383 seconds.
  path: Assets/Scripts/OffScreenTeleport.cs
  artifactKey: Guid(30c5beae3dd05364d8fcc46b9433c724) Importer(815301076,1909f56bfc062723c751e8b465ee728b)
Start importing Assets/Scripts/OffScreenTeleport.cs using Guid(30c5beae3dd05364d8fcc46b9433c724) Importer(815301076,1909f56bfc062723c751e8b465ee728b)  -> (artifact id: '2021f3eb847ad887be5741b02acc0037') in 0.017494 seconds 
  Import took 0.020058 seconds .

========================================================================
Received Prepare
Registering precompiled user dll's ...
Registered in 0.000433 seconds.
Begin MonoManager ReloadAssembly
Native extension for LinuxStandalone target not found
Native extension for WindowsStandalone target not found
Native extension for WebGL target not found
Refreshing native plugins compatible for Editor in 0.19 ms, found 0 plugins.
Preloading 0 native plugins for Editor in 0.00 ms.
Mono: successfully reloaded assembly
- Completed reload, in  0.758 seconds
Platform modules already initialized, skipping
Refreshing native plugins compatible for Editor in 0.15 ms, found 0 plugins.
Preloading 0 native plugins for Editor in 0.00 ms.
Unloading 712 Unused Serialized files (Serialized files now loaded: 0)
System memory in use before: 46.6 MB.
System memory in use after: 46.6 MB.

Unloading 4 unused Assets to reduce memory usage. Loaded Objects now: 1195.
Total: 1.554600 ms (FindLiveObjects: 0.105900 ms CreateObjectMapping: 0.039600 ms MarkObjects: 1.392600 ms  DeleteObjects: 0.015700 ms)

AssetImportParameters requested are different than current active one (requested -> active):
  custom:framework-win-MediaFoundation: 216162199b28c13a410421893ffa2e32 -> 
  custom:video-decoder-ogg-theora: a1e56fd34408186e4bbccfd4996cb3dc -> 
  custom:container-muxer-webm: aa71ff27fc2769a1b78a27578f13a17b -> 
  custom:container-demuxer-webm: 4f35f7cbe854078d1ac9338744f61a02 -> 
  custom:container-demuxer-ogg: 62fdf1f143b41e24485cea50d1cbac27 -> 
  custom:video-encoder-webm-vp8: eb34c28f22e8b96e1ab97ce403110664 -> 
  custom:video-decoder-webm-vp8: 9c59270c3fd7afecdb556c50c9e8de78 -> 
  custom:audio-decoder-ogg-vorbis: bf7c407c2cedff20999df2af8eb42d56 -> 
  custom:audio-encoder-webm-vorbis: bf7c407c2cedff20999df2af8eb42d56 -> 
========================================================================
Received Import Request.
  Time since last request: 101.087091 seconds.
  path: Assets/Prefabs/Laser.prefab
  artifactKey: Guid(9809af66a7f096b43a0896ad7549dc28) Importer(815301076,1909f56bfc062723c751e8b465ee728b)
Start importing Assets/Prefabs/Laser.prefab using Guid(9809af66a7f096b43a0896ad7549dc28) Importer(815301076,1909f56bfc062723c751e8b465ee728b)  -> (artifact id: 'fb0b3dc0c583a0483b4a967cbfd91edb') in 0.105703 seconds 
  Import took 0.107344 seconds .

========================================================================
Received Import Request.
  Time since last request: 0.007904 seconds.
  path: Assets/Prefabs/Laser.prefab
  artifactKey: Guid(9809af66a7f096b43a0896ad7549dc28) Importer(815301076,1909f56bfc062723c751e8b465ee728b)
Start importing Assets/Prefabs/Laser.prefab using Guid(9809af66a7f096b43a0896ad7549dc28) Importer(815301076,1909f56bfc062723c751e8b465ee728b)  -> (artifact id: 'fb0b3dc0c583a0483b4a967cbfd91edb') in 0.007854 seconds 
  Import took 0.009603 seconds .

========================================================================
Received Import Request.
  Time since last request: 4.533950 seconds.
  path: Assets/Prefabs
  artifactKey: Guid(1674f932564ed5c4598c82da9950f1c2) Importer(815301076,1909f56bfc062723c751e8b465ee728b)
Start importing Assets/Prefabs using Guid(1674f932564ed5c4598c82da9950f1c2) Importer(815301076,1909f56bfc062723c751e8b465ee728b)  -> (artifact id: 'b83d300239e6c7f51084efb4ee723304') in 0.008302 seconds 
  Import took 0.010335 seconds .

========================================================================
Received Import Request.
  Time since last request: 0.001423 seconds.
  path: Assets/Prefabs
  artifactKey: Guid(1674f932564ed5c4598c82da9950f1c2) Importer(815301076,1909f56bfc062723c751e8b465ee728b)
Start importing Assets/Prefabs using Guid(1674f932564ed5c4598c82da9950f1c2) Importer(815301076,1909f56bfc062723c751e8b465ee728b)  -> (artifact id: 'b83d300239e6c7f51084efb4ee723304') in 0.002265 seconds 
  Import took 0.003682 seconds .

========================================================================
Received Import Request.
  Time since last request: 0.407657 seconds.
  path: Assets/Prefabs/Asteroid.prefab
  artifactKey: Guid(39218201c13281f4b8ee2c0da08843b7) Importer(815301076,1909f56bfc062723c751e8b465ee728b)
Start importing Assets/Prefabs/Asteroid.prefab using Guid(39218201c13281f4b8ee2c0da08843b7) Importer(815301076,1909f56bfc062723c751e8b465ee728b)  -> (artifact id: '1259660851a9b7d008c4c0364d026129') in 0.018095 seconds 
  Import took 0.019502 seconds .

========================================================================
Received Import Request.
  Time since last request: 0.008525 seconds.
  path: Assets/Prefabs/Asteroid.prefab
  artifactKey: Guid(39218201c13281f4b8ee2c0da08843b7) Importer(815301076,1909f56bfc062723c751e8b465ee728b)
Start importing Assets/Prefabs/Asteroid.prefab using Guid(39218201c13281f4b8ee2c0da08843b7) Importer(815301076,1909f56bfc062723c751e8b465ee728b)  -> (artifact id: '1259660851a9b7d008c4c0364d026129') in 0.007011 seconds 
  Import took 0.008882 seconds .

========================================================================
Received Import Request.
  Time since last request: 80.349356 seconds.
  path: Assets/Scripts/GameController.cs
  artifactKey: Guid(4fc42ca4739cadb47908c405c03e222b) Importer(815301076,1909f56bfc062723c751e8b465ee728b)
Start importing Assets/Scripts/GameController.cs using Guid(4fc42ca4739cadb47908c405c03e222b) Importer(815301076,1909f56bfc062723c751e8b465ee728b)  -> (artifact id: 'cbf42ce853ab4b9098f64e079437f992') in 0.009007 seconds 
  Import took 0.011126 seconds .

========================================================================
Received Prepare
Registering precompiled user dll's ...
Registered in 0.000453 seconds.
Begin MonoManager ReloadAssembly
Native extension for LinuxStandalone target not found
Native extension for WindowsStandalone target not found
Native extension for WebGL target not found
Refreshing native plugins compatible for Editor in 0.16 ms, found 0 plugins.
Preloading 0 native plugins for Editor in 0.00 ms.
Mono: successfully reloaded assembly
- Completed reload, in  0.786 seconds
Platform modules already initialized, skipping
Refreshing native plugins compatible for Editor in 0.15 ms, found 0 plugins.
Preloading 0 native plugins for Editor in 0.00 ms.
Unloading 712 Unused Serialized files (Serialized files now loaded: 0)
System memory in use before: 49.7 MB.
System memory in use after: 49.7 MB.

Unloading 4 unused Assets to reduce memory usage. Loaded Objects now: 1205.
Total: 1.436900 ms (FindLiveObjects: 0.088400 ms CreateObjectMapping: 0.026800 ms MarkObjects: 1.308300 ms  DeleteObjects: 0.012300 ms)

AssetImportParameters requested are different than current active one (requested -> active):
  custom:framework-win-MediaFoundation: 216162199b28c13a410421893ffa2e32 -> 
  custom:video-decoder-ogg-theora: a1e56fd34408186e4bbccfd4996cb3dc -> 
  custom:container-muxer-webm: aa71ff27fc2769a1b78a27578f13a17b -> 
  custom:container-demuxer-webm: 4f35f7cbe854078d1ac9338744f61a02 -> 
  custom:container-demuxer-ogg: 62fdf1f143b41e24485cea50d1cbac27 -> 
  custom:video-encoder-webm-vp8: eb34c28f22e8b96e1ab97ce403110664 -> 
  custom:video-decoder-webm-vp8: 9c59270c3fd7afecdb556c50c9e8de78 -> 
  custom:audio-decoder-ogg-vorbis: bf7c407c2cedff20999df2af8eb42d56 -> 
  custom:audio-encoder-webm-vorbis: bf7c407c2cedff20999df2af8eb42d56 -> 
========================================================================
Received Prepare
Registering precompiled user dll's ...
Registered in 0.000489 seconds.
Begin MonoManager ReloadAssembly
Native extension for LinuxStandalone target not found
Native extension for WindowsStandalone target not found
Native extension for WebGL target not found
Refreshing native plugins compatible for Editor in 0.20 ms, found 0 plugins.
Preloading 0 native plugins for Editor in 0.00 ms.
Mono: successfully reloaded assembly
- Completed reload, in  0.865 seconds
Platform modules already initialized, skipping
Refreshing native plugins compatible for Editor in 0.22 ms, found 0 plugins.
Preloading 0 native plugins for Editor in 0.00 ms.
Unloading 712 Unused Serialized files (Serialized files now loaded: 0)
System memory in use before: 49.7 MB.
System memory in use after: 49.8 MB.

Unloading 4 unused Assets to reduce memory usage. Loaded Objects now: 1208.
Total: 1.569200 ms (FindLiveObjects: 0.104600 ms CreateObjectMapping: 0.035400 ms MarkObjects: 1.416400 ms  DeleteObjects: 0.011700 ms)

AssetImportParameters requested are different than current active one (requested -> active):
  custom:framework-win-MediaFoundation: 216162199b28c13a410421893ffa2e32 -> 
  custom:video-decoder-ogg-theora: a1e56fd34408186e4bbccfd4996cb3dc -> 
  custom:container-muxer-webm: aa71ff27fc2769a1b78a27578f13a17b -> 
  custom:container-demuxer-webm: 4f35f7cbe854078d1ac9338744f61a02 -> 
  custom:container-demuxer-ogg: 62fdf1f143b41e24485cea50d1cbac27 -> 
  custom:video-encoder-webm-vp8: eb34c28f22e8b96e1ab97ce403110664 -> 
  custom:video-decoder-webm-vp8: 9c59270c3fd7afecdb556c50c9e8de78 -> 
  custom:audio-decoder-ogg-vorbis: bf7c407c2cedff20999df2af8eb42d56 -> 
  custom:audio-encoder-webm-vorbis: bf7c407c2cedff20999df2af8eb42d56 -> 
========================================================================
Received Prepare
Registering precompiled user dll's ...
Registered in 0.000425 seconds.
Begin MonoManager ReloadAssembly
Native extension for LinuxStandalone target not found
Native extension for WindowsStandalone target not found
Native extension for WebGL target not found
Refreshing native plugins compatible for Editor in 0.15 ms, found 0 plugins.
Preloading 0 native plugins for Editor in 0.00 ms.
Mono: successfully reloaded assembly
- Completed reload, in  0.788 seconds
Platform modules already initialized, skipping
Refreshing native plugins compatible for Editor in 0.15 ms, found 0 plugins.
Preloading 0 native plugins for Editor in 0.00 ms.
Unloading 712 Unused Serialized files (Serialized files now loaded: 0)
System memory in use before: 49.7 MB.
System memory in use after: 49.7 MB.

Unloading 4 unused Assets to reduce memory usage. Loaded Objects now: 1211.
Total: 1.578700 ms (FindLiveObjects: 0.103800 ms CreateObjectMapping: 0.033800 ms MarkObjects: 1.426700 ms  DeleteObjects: 0.013500 ms)

AssetImportParameters requested are different than current active one (requested -> active):
  custom:framework-win-MediaFoundation: 216162199b28c13a410421893ffa2e32 -> 
  custom:video-decoder-ogg-theora: a1e56fd34408186e4bbccfd4996cb3dc -> 
  custom:container-muxer-webm: aa71ff27fc2769a1b78a27578f13a17b -> 
  custom:container-demuxer-webm: 4f35f7cbe854078d1ac9338744f61a02 -> 
  custom:container-demuxer-ogg: 62fdf1f143b41e24485cea50d1cbac27 -> 
  custom:video-encoder-webm-vp8: eb34c28f22e8b96e1ab97ce403110664 -> 
  custom:video-decoder-webm-vp8: 9c59270c3fd7afecdb556c50c9e8de78 -> 
  custom:audio-decoder-ogg-vorbis: bf7c407c2cedff20999df2af8eb42d56 -> 
  custom:audio-encoder-webm-vorbis: bf7c407c2cedff20999df2af8eb42d56 -> 
========================================================================
Received Prepare
Registering precompiled user dll's ...
Registered in 0.000423 seconds.
Begin MonoManager ReloadAssembly
Native extension for LinuxStandalone target not found
Native extension for WindowsStandalone target not found
Native extension for WebGL target not found
Refreshing native plugins compatible for Editor in 0.17 ms, found 0 plugins.
Preloading 0 native plugins for Editor in 0.00 ms.
Mono: successfully reloaded assembly
- Completed reload, in  0.885 seconds
Platform modules already initialized, skipping
Refreshing native plugins compatible for Editor in 0.23 ms, found 0 plugins.
Preloading 0 native plugins for Editor in 0.00 ms.
Unloading 712 Unused Serialized files (Serialized files now loaded: 0)
System memory in use before: 49.7 MB.
System memory in use after: 49.8 MB.

Unloading 4 unused Assets to reduce memory usage. Loaded Objects now: 1214.
Total: 1.787000 ms (FindLiveObjects: 0.107700 ms CreateObjectMapping: 0.036600 ms MarkObjects: 1.623700 ms  DeleteObjects: 0.018000 ms)

AssetImportParameters requested are different than current active one (requested -> active):
  custom:framework-win-MediaFoundation: 216162199b28c13a410421893ffa2e32 -> 
  custom:video-decoder-ogg-theora: a1e56fd34408186e4bbccfd4996cb3dc -> 
  custom:container-muxer-webm: aa71ff27fc2769a1b78a27578f13a17b -> 
  custom:container-demuxer-webm: 4f35f7cbe854078d1ac9338744f61a02 -> 
  custom:container-demuxer-ogg: 62fdf1f143b41e24485cea50d1cbac27 -> 
  custom:video-encoder-webm-vp8: eb34c28f22e8b96e1ab97ce403110664 -> 
  custom:video-decoder-webm-vp8: 9c59270c3fd7afecdb556c50c9e8de78 -> 
  custom:audio-decoder-ogg-vorbis: bf7c407c2cedff20999df2af8eb42d56 -> 
  custom:audio-encoder-webm-vorbis: bf7c407c2cedff20999df2af8eb42d56 -> 
========================================================================
Received Prepare
Registering precompiled user dll's ...
Registered in 0.000409 seconds.
Begin MonoManager ReloadAssembly
Native extension for LinuxStandalone target not found
Native extension for WindowsStandalone target not found
Native extension for WebGL target not found
Refreshing native plugins compatible for Editor in 0.16 ms, found 0 plugins.
Preloading 0 native plugins for Editor in 0.00 ms.
Mono: successfully reloaded assembly
- Completed reload, in  0.777 seconds
Platform modules already initialized, skipping
Refreshing native plugins compatible for Editor in 0.18 ms, found 0 plugins.
Preloading 0 native plugins for Editor in 0.00 ms.
Unloading 712 Unused Serialized files (Serialized files now loaded: 0)
System memory in use before: 49.7 MB.
System memory in use after: 49.8 MB.

Unloading 4 unused Assets to reduce memory usage. Loaded Objects now: 1217.
Total: 1.463100 ms (FindLiveObjects: 0.104300 ms CreateObjectMapping: 0.033900 ms MarkObjects: 1.311500 ms  DeleteObjects: 0.012400 ms)

AssetImportParameters requested are different than current active one (requested -> active):
  custom:framework-win-MediaFoundation: 216162199b28c13a410421893ffa2e32 -> 
  custom:video-decoder-ogg-theora: a1e56fd34408186e4bbccfd4996cb3dc -> 
  custom:container-muxer-webm: aa71ff27fc2769a1b78a27578f13a17b -> 
  custom:container-demuxer-webm: 4f35f7cbe854078d1ac9338744f61a02 -> 
  custom:container-demuxer-ogg: 62fdf1f143b41e24485cea50d1cbac27 -> 
  custom:video-encoder-webm-vp8: eb34c28f22e8b96e1ab97ce403110664 -> 
  custom:video-decoder-webm-vp8: 9c59270c3fd7afecdb556c50c9e8de78 -> 
  custom:audio-decoder-ogg-vorbis: bf7c407c2cedff20999df2af8eb42d56 -> 
  custom:audio-encoder-webm-vorbis: bf7c407c2cedff20999df2af8eb42d56 -> 
========================================================================
Received Prepare
Registering precompiled user dll's ...
Registered in 0.000524 seconds.
Begin MonoManager ReloadAssembly
Native extension for LinuxStandalone target not found
Native extension for WindowsStandalone target not found
Native extension for WebGL target not found
Refreshing native plugins compatible for Editor in 0.23 ms, found 0 plugins.
Preloading 0 native plugins for Editor in 0.00 ms.
Mono: successfully reloaded assembly
- Completed reload, in  0.802 seconds
Platform modules already initialized, skipping
Refreshing native plugins compatible for Editor in 0.15 ms, found 0 plugins.
Preloading 0 native plugins for Editor in 0.00 ms.
Unloading 712 Unused Serialized files (Serialized files now loaded: 0)
System memory in use before: 49.7 MB.
System memory in use after: 49.8 MB.

Unloading 4 unused Assets to reduce memory usage. Loaded Objects now: 1220.
Total: 1.220200 ms (FindLiveObjects: 0.081600 ms CreateObjectMapping: 0.018700 ms MarkObjects: 1.107900 ms  DeleteObjects: 0.011000 ms)

AssetImportParameters requested are different than current active one (requested -> active):
  custom:framework-win-MediaFoundation: 216162199b28c13a410421893ffa2e32 -> 
  custom:video-decoder-ogg-theora: a1e56fd34408186e4bbccfd4996cb3dc -> 
  custom:container-muxer-webm: aa71ff27fc2769a1b78a27578f13a17b -> 
  custom:container-demuxer-webm: 4f35f7cbe854078d1ac9338744f61a02 -> 
  custom:container-demuxer-ogg: 62fdf1f143b41e24485cea50d1cbac27 -> 
  custom:video-encoder-webm-vp8: eb34c28f22e8b96e1ab97ce403110664 -> 
  custom:video-decoder-webm-vp8: 9c59270c3fd7afecdb556c50c9e8de78 -> 
  custom:audio-decoder-ogg-vorbis: bf7c407c2cedff20999df2af8eb42d56 -> 
  custom:audio-encoder-webm-vorbis: bf7c407c2cedff20999df2af8eb42d56 -> 
========================================================================
Received Prepare
Registering precompiled user dll's ...
Registered in 0.000403 seconds.
Begin MonoManager ReloadAssembly
Native extension for LinuxStandalone target not found
Native extension for WindowsStandalone target not found
Native extension for WebGL target not found
Refreshing native plugins compatible for Editor in 0.15 ms, found 0 plugins.
Preloading 0 native plugins for Editor in 0.00 ms.
Mono: successfully reloaded assembly
- Completed reload, in  0.750 seconds
Platform modules already initialized, skipping
Refreshing native plugins compatible for Editor in 0.15 ms, found 0 plugins.
Preloading 0 native plugins for Editor in 0.00 ms.
Unloading 712 Unused Serialized files (Serialized files now loaded: 0)
System memory in use before: 49.7 MB.
System memory in use after: 49.8 MB.

Unloading 4 unused Assets to reduce memory usage. Loaded Objects now: 1223.
Total: 1.860700 ms (FindLiveObjects: 0.098200 ms CreateObjectMapping: 0.019100 ms MarkObjects: 1.728600 ms  DeleteObjects: 0.013500 ms)

AssetImportParameters requested are different than current active one (requested -> active):
  custom:framework-win-MediaFoundation: 216162199b28c13a410421893ffa2e32 -> 
  custom:video-decoder-ogg-theora: a1e56fd34408186e4bbccfd4996cb3dc -> 
  custom:container-muxer-webm: aa71ff27fc2769a1b78a27578f13a17b -> 
  custom:container-demuxer-webm: 4f35f7cbe854078d1ac9338744f61a02 -> 
  custom:container-demuxer-ogg: 62fdf1f143b41e24485cea50d1cbac27 -> 
  custom:video-encoder-webm-vp8: eb34c28f22e8b96e1ab97ce403110664 -> 
  custom:video-decoder-webm-vp8: 9c59270c3fd7afecdb556c50c9e8de78 -> 
  custom:audio-decoder-ogg-vorbis: bf7c407c2cedff20999df2af8eb42d56 -> 
  custom:audio-encoder-webm-vorbis: bf7c407c2cedff20999df2af8eb42d56 -> 
========================================================================
Received Prepare
Registering precompiled user dll's ...
Registered in 0.000441 seconds.
Begin MonoManager ReloadAssembly
Native extension for LinuxStandalone target not found
Native extension for WindowsStandalone target not found
Native extension for WebGL target not found
Refreshing native plugins compatible for Editor in 0.16 ms, found 0 plugins.
Preloading 0 native plugins for Editor in 0.00 ms.
Mono: successfully reloaded assembly
- Completed reload, in  0.816 seconds
Platform modules already initialized, skipping
Refreshing native plugins compatible for Editor in 0.20 ms, found 0 plugins.
Preloading 0 native plugins for Editor in 0.00 ms.
Unloading 712 Unused Serialized files (Serialized files now loaded: 0)
System memory in use before: 49.8 MB.
System memory in use after: 49.8 MB.

Unloading 4 unused Assets to reduce memory usage. Loaded Objects now: 1226.
Total: 1.464200 ms (FindLiveObjects: 0.083900 ms CreateObjectMapping: 0.018700 ms MarkObjects: 1.349400 ms  DeleteObjects: 0.011400 ms)

AssetImportParameters requested are different than current active one (requested -> active):
  custom:framework-win-MediaFoundation: 216162199b28c13a410421893ffa2e32 -> 
  custom:video-decoder-ogg-theora: a1e56fd34408186e4bbccfd4996cb3dc -> 
  custom:container-muxer-webm: aa71ff27fc2769a1b78a27578f13a17b -> 
  custom:container-demuxer-webm: 4f35f7cbe854078d1ac9338744f61a02 -> 
  custom:container-demuxer-ogg: 62fdf1f143b41e24485cea50d1cbac27 -> 
  custom:video-encoder-webm-vp8: eb34c28f22e8b96e1ab97ce403110664 -> 
  custom:video-decoder-webm-vp8: 9c59270c3fd7afecdb556c50c9e8de78 -> 
  custom:audio-decoder-ogg-vorbis: bf7c407c2cedff20999df2af8eb42d56 -> 
  custom:audio-encoder-webm-vorbis: bf7c407c2cedff20999df2af8eb42d56 -> 
========================================================================
Received Import Request.
  Time since last request: 422.496387 seconds.
  path: Assets/Scripts/Scriptable
  artifactKey: Guid(26f489f0eba906a4a8142b48468897a3) Importer(815301076,1909f56bfc062723c751e8b465ee728b)
Start importing Assets/Scripts/Scriptable using Guid(26f489f0eba906a4a8142b48468897a3) Importer(815301076,1909f56bfc062723c751e8b465ee728b)  -> (artifact id: 'bc687aa85e6955ca34a871aa3c557534') in 0.008015 seconds 
  Import took 0.009976 seconds .

========================================================================
Received Import Request.
  Time since last request: 0.000307 seconds.
  path: Assets/Scripts/Scriptable
  artifactKey: Guid(26f489f0eba906a4a8142b48468897a3) Importer(815301076,1909f56bfc062723c751e8b465ee728b)
Start importing Assets/Scripts/Scriptable using Guid(26f489f0eba906a4a8142b48468897a3) Importer(815301076,1909f56bfc062723c751e8b465ee728b)  -> (artifact id: 'bc687aa85e6955ca34a871aa3c557534') in 0.001978 seconds 
  Import took 0.003511 seconds .

========================================================================
Received Import Request.
  Time since last request: 19.530714 seconds.
  path: Assets/Scripts/Scriptable/Editor
  artifactKey: Guid(c115e6cc2c82a9741a1557233a488091) Importer(815301076,1909f56bfc062723c751e8b465ee728b)
Start importing Assets/Scripts/Scriptable/Editor using Guid(c115e6cc2c82a9741a1557233a488091) Importer(815301076,1909f56bfc062723c751e8b465ee728b)  -> (artifact id: '6a57bf2c9b4624cb09986af4e48ef9b0') in 0.006750 seconds 
  Import took 0.008322 seconds .

========================================================================
Received Prepare
Registering precompiled user dll's ...
Registered in 0.000509 seconds.
Begin MonoManager ReloadAssembly
Native extension for LinuxStandalone target not found
Native extension for WindowsStandalone target not found
Native extension for WebGL target not found
Refreshing native plugins compatible for Editor in 0.16 ms, found 0 plugins.
Preloading 0 native plugins for Editor in 0.00 ms.
Mono: successfully reloaded assembly
- Completed reload, in  0.795 seconds
Platform modules already initialized, skipping
Refreshing native plugins compatible for Editor in 0.16 ms, found 0 plugins.
Preloading 0 native plugins for Editor in 0.00 ms.
Unloading 712 Unused Serialized files (Serialized files now loaded: 0)
System memory in use before: 49.7 MB.
System memory in use after: 49.8 MB.

Unloading 4 unused Assets to reduce memory usage. Loaded Objects now: 1229.
Total: 1.731600 ms (FindLiveObjects: 0.108600 ms CreateObjectMapping: 0.036800 ms MarkObjects: 1.565600 ms  DeleteObjects: 0.019100 ms)

AssetImportParameters requested are different than current active one (requested -> active):
  custom:framework-win-MediaFoundation: 216162199b28c13a410421893ffa2e32 -> 
  custom:video-decoder-ogg-theora: a1e56fd34408186e4bbccfd4996cb3dc -> 
  custom:container-muxer-webm: aa71ff27fc2769a1b78a27578f13a17b -> 
  custom:container-demuxer-webm: 4f35f7cbe854078d1ac9338744f61a02 -> 
  custom:container-demuxer-ogg: 62fdf1f143b41e24485cea50d1cbac27 -> 
  custom:video-encoder-webm-vp8: eb34c28f22e8b96e1ab97ce403110664 -> 
  custom:video-decoder-webm-vp8: 9c59270c3fd7afecdb556c50c9e8de78 -> 
  custom:audio-decoder-ogg-vorbis: bf7c407c2cedff20999df2af8eb42d56 -> 
  custom:audio-encoder-webm-vorbis: bf7c407c2cedff20999df2af8eb42d56 -> 
========================================================================
Received Prepare
Refreshing native plugins compatible for Editor in 0.69 ms, found 0 plugins.
Preloading 0 native plugins for Editor in 0.00 ms.
Unloading 2 Unused Serialized files (Serialized files now loaded: 0)
System memory in use before: 35.5 MB.
System memory in use after: 35.6 MB.

Unloading 2 unused Assets to reduce memory usage. Loaded Objects now: 1229.
Total: 1.536700 ms (FindLiveObjects: 0.096900 ms CreateObjectMapping: 0.018900 ms MarkObjects: 1.407800 ms  DeleteObjects: 0.012300 ms)

AssetImportParameters requested are different than current active one (requested -> active):
  custom:framework-win-MediaFoundation: 216162199b28c13a410421893ffa2e32 -> 
  custom:video-decoder-ogg-theora: a1e56fd34408186e4bbccfd4996cb3dc -> 
  custom:container-muxer-webm: aa71ff27fc2769a1b78a27578f13a17b -> 
  custom:container-demuxer-webm: 4f35f7cbe854078d1ac9338744f61a02 -> 
  custom:container-demuxer-ogg: 62fdf1f143b41e24485cea50d1cbac27 -> 
  custom:video-encoder-webm-vp8: eb34c28f22e8b96e1ab97ce403110664 -> 
  custom:video-decoder-webm-vp8: 9c59270c3fd7afecdb556c50c9e8de78 -> 
  custom:audio-decoder-ogg-vorbis: bf7c407c2cedff20999df2af8eb42d56 -> 
  custom:audio-encoder-webm-vorbis: bf7c407c2cedff20999df2af8eb42d56 -> 
========================================================================
Received Prepare
Registering precompiled user dll's ...
Registered in 0.000380 seconds.
Begin MonoManager ReloadAssembly
Native extension for LinuxStandalone target not found
Native extension for WindowsStandalone target not found
Native extension for WebGL target not found
Refreshing native plugins compatible for Editor in 0.18 ms, found 0 plugins.
Preloading 0 native plugins for Editor in 0.00 ms.
Mono: successfully reloaded assembly
- Completed reload, in  1.020 seconds
Platform modules already initialized, skipping
Refreshing native plugins compatible for Editor in 0.16 ms, found 0 plugins.
Preloading 0 native plugins for Editor in 0.00 ms.
Unloading 704 Unused Serialized files (Serialized files now loaded: 0)
System memory in use before: 49.6 MB.
System memory in use after: 49.6 MB.

Unloading 4 unused Assets to reduce memory usage. Loaded Objects now: 1232.
Total: 1.569000 ms (FindLiveObjects: 0.103000 ms CreateObjectMapping: 0.031400 ms MarkObjects: 1.416400 ms  DeleteObjects: 0.016600 ms)

AssetImportParameters requested are different than current active one (requested -> active):
  custom:framework-win-MediaFoundation: 216162199b28c13a410421893ffa2e32 -> 
  custom:video-decoder-ogg-theora: a1e56fd34408186e4bbccfd4996cb3dc -> 
  custom:container-muxer-webm: aa71ff27fc2769a1b78a27578f13a17b -> 
  custom:container-demuxer-webm: 4f35f7cbe854078d1ac9338744f61a02 -> 
  custom:container-demuxer-ogg: 62fdf1f143b41e24485cea50d1cbac27 -> 
  custom:video-encoder-webm-vp8: eb34c28f22e8b96e1ab97ce403110664 -> 
  custom:video-decoder-webm-vp8: 9c59270c3fd7afecdb556c50c9e8de78 -> 
  custom:audio-decoder-ogg-vorbis: bf7c407c2cedff20999df2af8eb42d56 -> 
  custom:audio-encoder-webm-vorbis: bf7c407c2cedff20999df2af8eb42d56 -> 
========================================================================
Received Prepare
Registering precompiled user dll's ...
Registered in 0.000760 seconds.
Begin MonoManager ReloadAssembly
Native extension for LinuxStandalone target not found
Native extension for WindowsStandalone target not found
Native extension for WebGL target not found
Refreshing native plugins compatible for Editor in 0.19 ms, found 0 plugins.
Preloading 0 native plugins for Editor in 0.00 ms.
Mono: successfully reloaded assembly
- Completed reload, in  0.935 seconds
Platform modules already initialized, skipping
Refreshing native plugins compatible for Editor in 0.15 ms, found 0 plugins.
Preloading 0 native plugins for Editor in 0.00 ms.
Unloading 708 Unused Serialized files (Serialized files now loaded: 0)
System memory in use before: 49.7 MB.
System memory in use after: 49.8 MB.

Unloading 4 unused Assets to reduce memory usage. Loaded Objects now: 1238.
Total: 1.784300 ms (FindLiveObjects: 0.145500 ms CreateObjectMapping: 0.021500 ms MarkObjects: 1.599300 ms  DeleteObjects: 0.016800 ms)

AssetImportParameters requested are different than current active one (requested -> active):
  custom:framework-win-MediaFoundation: 216162199b28c13a410421893ffa2e32 -> 
  custom:video-decoder-ogg-theora: a1e56fd34408186e4bbccfd4996cb3dc -> 
  custom:container-muxer-webm: aa71ff27fc2769a1b78a27578f13a17b -> 
  custom:container-demuxer-webm: 4f35f7cbe854078d1ac9338744f61a02 -> 
  custom:container-demuxer-ogg: 62fdf1f143b41e24485cea50d1cbac27 -> 
  custom:video-encoder-webm-vp8: eb34c28f22e8b96e1ab97ce403110664 -> 
  custom:video-decoder-webm-vp8: 9c59270c3fd7afecdb556c50c9e8de78 -> 
  custom:audio-decoder-ogg-vorbis: bf7c407c2cedff20999df2af8eb42d56 -> 
  custom:audio-encoder-webm-vorbis: bf7c407c2cedff20999df2af8eb42d56 -> 
========================================================================
Received Prepare
Registering precompiled user dll's ...
Registered in 0.000400 seconds.
Begin MonoManager ReloadAssembly
Native extension for LinuxStandalone target not found
Native extension for WindowsStandalone target not found
Native extension for WebGL target not found
Refreshing native plugins compatible for Editor in 0.16 ms, found 0 plugins.
Preloading 0 native plugins for Editor in 0.00 ms.
Mono: successfully reloaded assembly
- Completed reload, in  0.803 seconds
Platform modules already initialized, skipping
Refreshing native plugins compatible for Editor in 0.17 ms, found 0 plugins.
Preloading 0 native plugins for Editor in 0.00 ms.
Unloading 708 Unused Serialized files (Serialized files now loaded: 0)
System memory in use before: 49.7 MB.
System memory in use after: 49.8 MB.

Unloading 4 unused Assets to reduce memory usage. Loaded Objects now: 1240.
Total: 1.368600 ms (FindLiveObjects: 0.092100 ms CreateObjectMapping: 0.028000 ms MarkObjects: 1.236700 ms  DeleteObjects: 0.010800 ms)

AssetImportParameters requested are different than current active one (requested -> active):
  custom:framework-win-MediaFoundation: 216162199b28c13a410421893ffa2e32 -> 
  custom:video-decoder-ogg-theora: a1e56fd34408186e4bbccfd4996cb3dc -> 
  custom:container-muxer-webm: aa71ff27fc2769a1b78a27578f13a17b -> 
  custom:container-demuxer-webm: 4f35f7cbe854078d1ac9338744f61a02 -> 
  custom:container-demuxer-ogg: 62fdf1f143b41e24485cea50d1cbac27 -> 
  custom:video-encoder-webm-vp8: eb34c28f22e8b96e1ab97ce403110664 -> 
  custom:video-decoder-webm-vp8: 9c59270c3fd7afecdb556c50c9e8de78 -> 
  custom:audio-decoder-ogg-vorbis: bf7c407c2cedff20999df2af8eb42d56 -> 
  custom:audio-encoder-webm-vorbis: bf7c407c2cedff20999df2af8eb42d56 -> 
========================================================================
Received Prepare
Registering precompiled user dll's ...
Registered in 0.000387 seconds.
Begin MonoManager ReloadAssembly
Native extension for LinuxStandalone target not found
Native extension for WindowsStandalone target not found
Native extension for WebGL target not found
Refreshing native plugins compatible for Editor in 0.16 ms, found 0 plugins.
Preloading 0 native plugins for Editor in 0.00 ms.
Mono: successfully reloaded assembly
- Completed reload, in  0.849 seconds
Platform modules already initialized, skipping
Refreshing native plugins compatible for Editor in 0.15 ms, found 0 plugins.
Preloading 0 native plugins for Editor in 0.00 ms.
Unloading 707 Unused Serialized files (Serialized files now loaded: 0)
System memory in use before: 49.7 MB.
System memory in use after: 49.7 MB.

Unloading 5 unused Assets to reduce memory usage. Loaded Objects now: 1241.
Total: 1.748000 ms (FindLiveObjects: 0.113100 ms CreateObjectMapping: 0.040300 ms MarkObjects: 1.579100 ms  DeleteObjects: 0.014300 ms)

AssetImportParameters requested are different than current active one (requested -> active):
  custom:framework-win-MediaFoundation: 216162199b28c13a410421893ffa2e32 -> 
  custom:video-decoder-ogg-theora: a1e56fd34408186e4bbccfd4996cb3dc -> 
  custom:container-muxer-webm: aa71ff27fc2769a1b78a27578f13a17b -> 
  custom:container-demuxer-webm: 4f35f7cbe854078d1ac9338744f61a02 -> 
  custom:container-demuxer-ogg: 62fdf1f143b41e24485cea50d1cbac27 -> 
  custom:video-encoder-webm-vp8: eb34c28f22e8b96e1ab97ce403110664 -> 
  custom:video-decoder-webm-vp8: 9c59270c3fd7afecdb556c50c9e8de78 -> 
  custom:audio-decoder-ogg-vorbis: bf7c407c2cedff20999df2af8eb42d56 -> 
  custom:audio-encoder-webm-vorbis: bf7c407c2cedff20999df2af8eb42d56 -> 
========================================================================
Received Prepare
Refreshing native plugins compatible for Editor in 0.53 ms, found 0 plugins.
Preloading 0 native plugins for Editor in 0.00 ms.
Unloading 2 Unused Serialized files (Serialized files now loaded: 0)
System memory in use before: 35.6 MB.
System memory in use after: 35.7 MB.

Unloading 2 unused Assets to reduce memory usage. Loaded Objects now: 1241.
Total: 1.303900 ms (FindLiveObjects: 0.081500 ms CreateObjectMapping: 0.018300 ms MarkObjects: 1.195100 ms  DeleteObjects: 0.008400 ms)

AssetImportParameters requested are different than current active one (requested -> active):
  custom:framework-win-MediaFoundation: 216162199b28c13a410421893ffa2e32 -> 
  custom:video-decoder-ogg-theora: a1e56fd34408186e4bbccfd4996cb3dc -> 
  custom:container-muxer-webm: aa71ff27fc2769a1b78a27578f13a17b -> 
  custom:container-demuxer-webm: 4f35f7cbe854078d1ac9338744f61a02 -> 
  custom:container-demuxer-ogg: 62fdf1f143b41e24485cea50d1cbac27 -> 
  custom:video-encoder-webm-vp8: eb34c28f22e8b96e1ab97ce403110664 -> 
  custom:video-decoder-webm-vp8: 9c59270c3fd7afecdb556c50c9e8de78 -> 
  custom:audio-decoder-ogg-vorbis: bf7c407c2cedff20999df2af8eb42d56 -> 
  custom:audio-encoder-webm-vorbis: bf7c407c2cedff20999df2af8eb42d56 -> 
========================================================================
Received Prepare
Refreshing native plugins compatible for Editor in 0.70 ms, found 0 plugins.
Preloading 0 native plugins for Editor in 0.00 ms.
Unloading 2 Unused Serialized files (Serialized files now loaded: 0)
System memory in use before: 35.6 MB.
System memory in use after: 35.7 MB.

Unloading 2 unused Assets to reduce memory usage. Loaded Objects now: 1241.
Total: 1.516700 ms (FindLiveObjects: 0.167100 ms CreateObjectMapping: 0.040500 ms MarkObjects: 1.298800 ms  DeleteObjects: 0.009700 ms)

AssetImportParameters requested are different than current active one (requested -> active):
  custom:framework-win-MediaFoundation: 216162199b28c13a410421893ffa2e32 -> 
  custom:video-decoder-ogg-theora: a1e56fd34408186e4bbccfd4996cb3dc -> 
  custom:container-muxer-webm: aa71ff27fc2769a1b78a27578f13a17b -> 
  custom:container-demuxer-webm: 4f35f7cbe854078d1ac9338744f61a02 -> 
  custom:container-demuxer-ogg: 62fdf1f143b41e24485cea50d1cbac27 -> 
  custom:video-encoder-webm-vp8: eb34c28f22e8b96e1ab97ce403110664 -> 
  custom:video-decoder-webm-vp8: 9c59270c3fd7afecdb556c50c9e8de78 -> 
  custom:audio-decoder-ogg-vorbis: bf7c407c2cedff20999df2af8eb42d56 -> 
  custom:audio-encoder-webm-vorbis: bf7c407c2cedff20999df2af8eb42d56 -> 
AssetImportWorkerClient::OnTransportError - code=2 error=End of file
